<?xml version="1.0" encoding="UTF-8"?>
<!-- Generated by org.testng.reporters.JUnitReportReporter -->
<testsuite hostname="SUBHASHA-PC" failures="0" tests="1" name="com.nt.hrm.AdminJobWorkShift" time="35.682" errors="0" timestamp="2022-07-18T14:53:10 IST" skipped="0">
  <testcase classname="com.nt.hrm.AdminJobWorkShift" name="addWorkshift" time="35.682"/>
  <system-out/>
</testsuite> <!-- com.nt.hrm.AdminJobWorkShift -->
