<?xml version="1.0" encoding="UTF-8"?>
<!-- Generated by org.testng.reporters.JUnitReportReporter -->
<testsuite skipped="1" hostname="SUBHASHA-PC" name="com.nt.examples.testNGAnnotationsEnablePriority" tests="5" failures="0" timestamp="12 Jul 2022 12:15:19 GMT" time="0.019" errors="0">
  <testcase name="login" time="0.010" classname="com.nt.examples.testNGAnnotationsEnablePriority"/>
  <testcase name="AddUser" time="0.004" classname="com.nt.examples.testNGAnnotationsEnablePriority"/>
  <testcase name="deleteUser" time="0.002" classname="com.nt.examples.testNGAnnotationsEnablePriority"/>
  <testcase name="Logout" time="0.003" classname="com.nt.examples.testNGAnnotationsEnablePriority"/>
  <testcase name="UpdateUser" classname="com.nt.examples.testNGAnnotationsEnablePriority">
    <skipped/>
  </testcase> <!-- UpdateUser -->
</testsuite> <!-- com.nt.examples.testNGAnnotationsEnablePriority -->
