<?xml version="1.0" encoding="UTF-8"?>
<!-- Generated by org.testng.reporters.JUnitReportReporter -->
<testsuite skipped="0" hostname="SUBHASHA-PC" name="com.nt.examples.DataProviderExamples" tests="2" failures="0" timestamp="13 Jul 2022 08:20:14 GMT" time="0.012" errors="0">
  <testcase name="multiDimArry" time="0.010" classname="com.nt.examples.DataProviderExamples"/>
  <testcase name="multiDimArry" time="0.002" classname="com.nt.examples.DataProviderExamples"/>
</testsuite> <!-- com.nt.examples.DataProviderExamples -->
