<?xml version="1.0" encoding="UTF-8"?>
<!-- Generated by org.testng.reporters.JUnitReportReporter -->
<testsuite skipped="0" hostname="SUBHASHA-PC" name="com.nt.hrm.HRMUserWebTable" tests="1" failures="0" timestamp="10 Jul 2022 10:41:16 GMT" time="35.945" errors="0">
  <testcase name="deleteUser" time="35.945" classname="com.nt.hrm.HRMUserWebTable"/>
</testsuite> <!-- com.nt.hrm.HRMUserWebTable -->
