<?xml version="1.0" encoding="UTF-8"?>
<!-- Generated by org.testng.reporters.JUnitReportReporter -->
<testsuite skipped="0" hostname="SUBHASHA-PC" name="com.nt.examples.testNGAnnotations" tests="2" failures="0" timestamp="12 Jul 2022 08:57:46 GMT" time="0.013" errors="0">
  <testcase name="method11" time="0.010" classname="com.nt.examples.testNGAnnotations"/>
  <testcase name="method12" time="0.003" classname="com.nt.examples.testNGAnnotations"/>
</testsuite> <!-- com.nt.examples.testNGAnnotations -->
