<?xml version="1.0" encoding="UTF-8"?>
<!-- Generated by org.testng.reporters.JUnitReportReporter -->
<testsuite hostname="SUBHASHA-PC" failures="0" tests="3" name="com.nt.hrmapp.HRMHomePage" time="71.350" errors="0" timestamp="2022-07-16T15:24:49 IST" skipped="1">
  <testcase classname="com.nt.hrmapp.HRMHomePage" name="verifyCancelForgotPassword" time="35.758"/>
  <system-out/>
  <testcase classname="com.nt.hrmapp.HRMHomePage" name="verify_Forgotpwdlink" time="35.592"/>
  <system-out/>
  <testcase classname="com.nt.hrmapp.HRMHomePage" name="VerifyResetPassword">
    <skipped/>
  </testcase> <!-- VerifyResetPassword -->
  <system-out/>
</testsuite> <!-- com.nt.hrmapp.HRMHomePage -->
