<?xml version="1.0" encoding="UTF-8"?>
<!-- Generated by org.testng.reporters.JUnitReportReporter -->
<testsuite skipped="0" hostname="SUBHASHA-PC" name="com.nt.hrm.Browsers" tests="2" failures="0" timestamp="10 Jul 2022 16:27:39 GMT" time="129.102" errors="0">
  <testcase name="chromeBrowser" time="37.006" classname="com.nt.hrm.Browsers"/>
  <testcase name="firefoxBrowser" time="92.096" classname="com.nt.hrm.Browsers"/>
</testsuite> <!-- com.nt.hrm.Browsers -->
