<?xml version="1.0" encoding="UTF-8"?>
<!-- Generated by org.testng.reporters.JUnitReportReporter -->
<testsuite skipped="1" hostname="SUBHASHA-PC" name="com.nt.hrm.HRMHomePage" tests="3" failures="0" timestamp="12 Jul 2022 11:46:10 GMT" time="61.776" errors="0">
  <testcase name="verifyCancelForgotPassword" time="30.015" classname="com.nt.hrm.HRMHomePage"/>
  <testcase name="verify_Forgotpwdlink" time="31.761" classname="com.nt.hrm.HRMHomePage"/>
  <testcase name="VerifyResetPassword" classname="com.nt.hrm.HRMHomePage">
    <skipped/>
  </testcase> <!-- VerifyResetPassword -->
</testsuite> <!-- com.nt.hrm.HRMHomePage -->
