<?xml version="1.0" encoding="UTF-8"?>
<!-- Generated by org.testng.reporters.JUnitReportReporter -->
<testsuite skipped="0" hostname="SUBHASHA-PC" name="com.nt.examples.testNGExamples" tests="2" failures="0" timestamp="11 Jul 2022 13:00:37 GMT" time="0.014" errors="0">
  <testcase name="method10" time="0.009" classname="com.nt.examples.testNGExamples"/>
  <testcase name="method9" time="0.005" classname="com.nt.examples.testNGExamples"/>
</testsuite> <!-- com.nt.examples.testNGExamples -->
