<?xml version="1.0" encoding="UTF-8"?>
<!-- Generated by org.testng.reporters.JUnitReportReporter -->
<testsuite name="com.nt.hrm.HRMAdminPaygradesAdd" tests="1" time="76.955" ignored="0" failures="0" timestamp="16 Jul 2022 17:58:27 GMT" skipped="0" hostname="SUBHASHA-PC" errors="0">
  <testcase name="addJobTitle" time="76.955" classname="com.nt.hrm.HRMAdminPaygradesAdd"/>
</testsuite> <!-- com.nt.hrm.HRMAdminPaygradesAdd -->
