<?xml version="1.0" encoding="UTF-8"?>
<!-- Generated by org.testng.reporters.JUnitReportReporter -->
<testsuite skipped="0" hostname="SUBHASHA-PC" name="com.nt.examples.LoginTestCaseWithDataProvider" tests="2" failures="0" timestamp="13 Jul 2022 10:01:27 GMT" time="74.531" errors="0">
  <testcase name="facebookLogin" time="37.899" classname="com.nt.examples.LoginTestCaseWithDataProvider"/>
  <testcase name="facebookLogin" time="36.632" classname="com.nt.examples.LoginTestCaseWithDataProvider"/>
</testsuite> <!-- com.nt.examples.LoginTestCaseWithDataProvider -->
