<?xml version="1.0" encoding="UTF-8"?>
<!-- Generated by org.testng.reporters.JUnitReportReporter -->
<testsuite skipped="0" hostname="SUBHASHA-PC" name="com.nt.hrm.HRMHomePageForgotPassword" tests="1" failures="0" timestamp="12 Jul 2022 10:54:48 GMT" time="31.562" errors="0">
  <testcase name="hrmForgotPassword" time="31.562" classname="com.nt.hrm.HRMHomePageForgotPassword"/>
</testsuite> <!-- com.nt.hrm.HRMHomePageForgotPassword -->
