<?xml version="1.0" encoding="UTF-8"?>
<!-- Generated by org.testng.reporters.JUnitReportReporter -->
<testsuite skipped="0" hostname="SUBHASHA-PC" name="com.nt.hrm.HRMHomePageLogin" tests="1" failures="0" timestamp="12 Jul 2022 09:09:05 GMT" time="59.870" errors="0">
  <testcase name="hrm_Login" time="59.870" classname="com.nt.hrm.HRMHomePageLogin"/>
</testsuite> <!-- com.nt.hrm.HRMHomePageLogin -->
